<?xml version="1.0" encoding="UTF-8"?>
<testsuite name="edu.coursera.concurrent.ListSetTest" time="1,290.367" tests="6" errors="0" skipped="0" failures="3">
  <properties>
    <property name="idea.version" value="2021.2.1"/>
    <property name="java.runtime.name" value="Java(TM) SE Runtime Environment"/>
    <property name="java.vm.version" value="14.0.1+7"/>
    <property name="sun.boot.library.path" value="C:\Program Files\Java\jdk-14.0.1\bin"/>
    <property name="maven.multiModuleProjectDirectory" value="C:\Users\jprut\Desktop\concurrency_coursera_course\Concurrency_course\miniproject_1"/>
    <property name="java.vm.vendor" value="Oracle Corporation"/>
    <property name="java.vendor.url" value="https://java.oracle.com/"/>
    <property name="guice.disable.misplaced.annotation.check" value="true"/>
    <property name="path.separator" value=";"/>
    <property name="java.vm.name" value="Java HotSpot(TM) 64-Bit Server VM"/>
    <property name="sun.os.patch.level" value=""/>
    <property name="user.script" value=""/>
    <property name="user.country" value="IN"/>
    <property name="sun.java.launcher" value="SUN_STANDARD"/>
    <property name="java.vm.specification.name" value="Java Virtual Machine Specification"/>
    <property name="user.dir" value="C:\Users\jprut\Desktop\concurrency_coursera_course\Concurrency_course\miniproject_1"/>
    <property name="java.vm.compressedOopsMode" value="32-bit"/>
    <property name="java.runtime.version" value="14.0.1+7"/>
    <property name="os.arch" value="amd64"/>
    <property name="java.io.tmpdir" value="C:\Users\jprut\AppData\Local\Temp\"/>
    <property name="line.separator" value="&#10;"/>
    <property name="java.vm.specification.vendor" value="Oracle Corporation"/>
    <property name="user.variant" value=""/>
    <property name="os.name" value="Windows 10"/>
    <property name="maven.ext.class.path" value="C:\Program Files\JetBrains\IntelliJ IDEA Community Edition 2021.2.1\plugins\maven\lib\maven-event-listener.jar"/>
    <property name="classworlds.conf" value="C:\Program Files\JetBrains\IntelliJ IDEA Community Edition 2021.2.1\plugins\maven\lib\maven3\bin\m2.conf"/>
    <property name="sun.jnu.encoding" value="Cp1252"/>
    <property name="java.library.path" value="C:\Program Files\Java\jdk-14.0.1\bin;C:\WINDOWS\Sun\Java\bin;C:\WINDOWS\system32;C:\WINDOWS;C:\Program Files\Eclipse Foundation\jdk-11.0.12.7-hotspot\bin;C:\Windows\system32;C:\Windows;C:\Windows\System32\Wbem;C:\Windows\System32\WindowsPowerShell\v1.0\;C:\Windows\System32\OpenSSH\;C:\Program Files (x86)\NVIDIA Corporation\PhysX\Common;C:\Program Files\NVIDIA Corporation\NVIDIA NvDLISR;C:\WINDOWS\system32;C:\WINDOWS;C:\WINDOWS\System32\Wbem;C:\WINDOWS\System32\WindowsPowerShell\v1.0\;C:\WINDOWS\System32\OpenSSH\;C:\Program Files\Eclipse Foundation\jdk-11.0.12.7-hotspot\\bin;C:\Program Files\mingw-w64\x86_64-8.1.0-posix-seh-rt_v6-rev0\mingw64\bin;C:\Program Files\Git\cmd;C:\Program Files\nodejs\;C:\Users\jprut\AppData\Local\Microsoft\WindowsApps;C:\Users\jprut\AppData\Local\Google\Cloud SDK\google-cloud-sdk\bin;C:\Users\jprut\AppData\Local\Programs\Microsoft VS Code\bin;C:\Program Files\Graphviz\bin;C:\Users\jprut\AppData\Local\Programs\MiKTeX\miktex\bin\x64\;C:\Program Files\JetBrains\IntelliJ IDEA Community Edition 2021.2.1\bin;;C:\Users\jprut\AppData\Roaming\npm;."/>
    <property name="maven.conf" value="C:\Program Files\JetBrains\IntelliJ IDEA Community Edition 2021.2.1\plugins\maven\lib\maven3/conf"/>
    <property name="jdk.debug" value="release"/>
    <property name="java.class.version" value="58.0"/>
    <property name="java.specification.name" value="Java Platform API Specification"/>
    <property name="sun.management.compiler" value="HotSpot 64-Bit Tiered Compilers"/>
    <property name="os.version" value="10.0"/>
    <property name="user.home" value="C:\Users\jprut"/>
    <property name="user.timezone" value="Asia/Calcutta"/>
    <property name="file.encoding" value="UTF-8"/>
    <property name="java.specification.version" value="14"/>
    <property name="user.name" value="jprut"/>
    <property name="java.class.path" value="C:\Program Files\JetBrains\IntelliJ IDEA Community Edition 2021.2.1\plugins\maven\lib\maven3\boot\plexus-classworlds-2.6.0.jar;C:\Program Files\JetBrains\IntelliJ IDEA Community Edition 2021.2.1\plugins\maven\lib\maven3\boot\plexus-classworlds.license"/>
    <property name="java.vm.specification.version" value="14"/>
    <property name="sun.arch.data.model" value="64"/>
    <property name="sun.java.command" value="org.codehaus.classworlds.Launcher -Didea.version=2021.2.1 test"/>
    <property name="java.home" value="C:\Program Files\Java\jdk-14.0.1"/>
    <property name="user.language" value="en"/>
    <property name="java.specification.vendor" value="Oracle Corporation"/>
    <property name="java.vm.info" value="mixed mode, sharing"/>
    <property name="java.version" value="14.0.1"/>
    <property name="java.vendor" value="Oracle Corporation"/>
    <property name="maven.home" value="C:\Program Files\JetBrains\IntelliJ IDEA Community Edition 2021.2.1\plugins\maven\lib\maven3"/>
    <property name="file.separator" value="\"/>
    <property name="java.version.date" value="2020-04-14"/>
    <property name="java.vendor.url.bug" value="https://bugreport.java.com/bugreport/"/>
    <property name="sun.io.unicode.encoding" value="UnicodeLittle"/>
    <property name="sun.cpu.endian" value="little"/>
    <property name="sun.cpu.isalist" value="amd64"/>
  </properties>
  <testcase name="testCoarseGrainedLockingRandomLarge" classname="edu.coursera.concurrent.ListSetTest" time="648.553"/>
  <testcase name="testCoarseGrainedLockingRepeatingLarge" classname="edu.coursera.concurrent.ListSetTest" time="121.066">
    <failure message="Expected remove throughput to remain similar (at least 0.600000x) with locks, but found 0.219873x" type="junit.framework.AssertionFailedError">junit.framework.AssertionFailedError: Expected remove throughput to remain similar (at least 0.600000x) with locks, but found 0.219873x
	at junit.framework.Assert.fail(Assert.java:47)
	at junit.framework.Assert.assertTrue(Assert.java:20)
	at edu.coursera.concurrent.ListSetTest.testCoarseGrainedLockingHelper(ListSetTest.java:182)
	at edu.coursera.concurrent.ListSetTest.testCoarseGrainedLockingRepeatingLarge(ListSetTest.java:69)
</failure>
    <system-out><![CDATA[=========================================================
CoarseList vs. SyncList (Large Repeating)
=========================================================
# threads = 8
0.8731579929117702x improvement in add throughput (102.54219183935056 -> 89.53553441522104)
0.7694202978794086x improvement in contains throughput (138.16428597128774 -> 106.30640606832401)
0.21987278665979024x improvement in remove throughput (3002.3455824863177 -> 660.1340897369778)
=========================================================
]]></system-out>
  </testcase>
  <testcase name="testReadWriteLocksRandomSmall" classname="edu.coursera.concurrent.ListSetTest" time="140.946"/>
  <testcase name="testReadWriteLocksRepeatingLarge" classname="edu.coursera.concurrent.ListSetTest" time="95.265">
    <failure message="Expected remove throughput improvement to be at least 0.500000x with read-write locks, but found 0.291890x" type="junit.framework.AssertionFailedError">junit.framework.AssertionFailedError: Expected remove throughput improvement to be at least 0.500000x with read-write locks, but found 0.291890x
	at junit.framework.Assert.fail(Assert.java:47)
	at junit.framework.Assert.assertTrue(Assert.java:20)
	at edu.coursera.concurrent.ListSetTest.testReadWriteLocksHelper(ListSetTest.java:229)
	at edu.coursera.concurrent.ListSetTest.testReadWriteLocksRepeatingLarge(ListSetTest.java:117)
</failure>
    <system-out><![CDATA[=========================================================
RWCoarseList vs. SyncList (Large Repeating)
=========================================================
# threads = 8
0.7898972683804385x improvement in add throughput (115.07341923883727 -> 90.89617951995456)
4.0035097571248075x improvement in contains throughput (134.65652067187992 -> 539.0986943703496)
0.2918900804289544x improvement in remove throughput (2204.3628013777266 -> 643.4316353887399)
=========================================================
]]></system-out>
  </testcase>
  <testcase name="testReadWriteLocksRandomLarge" classname="edu.coursera.concurrent.ListSetTest" time="235.074"/>
  <testcase name="testReadWriteLocksRepeatingSmall" classname="edu.coursera.concurrent.ListSetTest" time="49.463">
    <failure message="Expected remove throughput improvement to be at least 0.400000x with read-write locks, but found 0.253389x" type="junit.framework.AssertionFailedError">junit.framework.AssertionFailedError: Expected remove throughput improvement to be at least 0.400000x with read-write locks, but found 0.253389x
	at junit.framework.Assert.fail(Assert.java:47)
	at junit.framework.Assert.assertTrue(Assert.java:20)
	at edu.coursera.concurrent.ListSetTest.testReadWriteLocksHelper(ListSetTest.java:229)
	at edu.coursera.concurrent.ListSetTest.testReadWriteLocksRepeatingSmall(ListSetTest.java:133)
</failure>
    <system-out><![CDATA[=========================================================
RWCoarseList vs. SyncList (Small Repeating)
=========================================================
# threads = 8
0.7532286906417645x improvement in add throughput (126.61566868900026 -> 95.37055434134712)
4.016657093624354x improvement in contains throughput (137.28013728013727 -> 551.4072372199885)
0.2533891213389121x improvement in remove throughput (1268.1638044914134 -> 321.3389121338912)
=========================================================
]]></system-out>
  </testcase>
</testsuite>